<?xml version="1.0" encoding="UTF-8"?>
<testsuite name="SimpleBankSystemTest" tests="1" skipped="0" failures="0" errors="0" timestamp="2022-05-24T05:34:57" hostname="AHMED-HOSNY" time="0.35">
  <properties/>
  <testcase name="start" classname="SimpleBankSystemTest" time="0.35"/>
  <system-out><![CDATA[?[1;31m
Start test 1?[0m
1. Create an account
2. Log into account
0. Exit
> 0

Bye!
?[1;31m
Start test 2?[0m
1. Create an account
2. Log into account
0. Exit
> 0

Bye!
?[1;31m
Start test 3?[0m
1. Create an account
2. Log into account
0. Exit
> 0

Bye!
?[1;31m
Start test 4?[0m
1. Create an account
2. Log into account
0. Exit
> 0

Bye!
?[1;31m
Start test 5?[0m
1. Create an account
2. Log into account
0. Exit
> 1

Your card has been created
Your card number:
4000001608667309
Your card PIN:
4205

1. Create an account
2. Log into account
0. Exit
> 1

Your card has been created
Your card number:
4000003843110715
Your card PIN:
5848

1. Create an account
2. Log into account
0. Exit
> 1

Your card has been created
Your card number:
4000001862746229
Your card PIN:
7510

1. Create an account
2. Log into account
0. Exit
> 1

Your card has been created
Your card number:
4000002017302728
Your card PIN:
7130

1. Create an account
2. Log into account
0. Exit
> 1

Your card has been created
Your card number:
4000000081435465
Your card PIN:
8408

1. Create an account
2. Log into account
0. Exit
> 0

Bye!
4000001608667309
4000003843110715
4000001862746229
4000002017302728
4000000081435465
?[1;31m
Start test 6?[0m
1. Create an account
2. Log into account
0. Exit
> 1

Your card has been created
Your card number:
4000002500866718
Your card PIN:
7078

1. Create an account
2. Log into account
0. Exit
> 2

Enter your card number:
> 4000002500866718
Enter your PIN:
> 7078

You have successfully logged in!

1. Balance
2. Log out
0. Exit
> 0

Bye!
?[1;31m
Start test 7?[0m
1. Create an account
2. Log into account
0. Exit
> 1

Your card has been created
Your card number:
4000006275587706
Your card PIN:
4268

1. Create an account
2. Log into account
0. Exit
> 2

Enter your card number:
> 4000006275587706
Enter your PIN:
> 2587

Wrong card number or PIN!

1. Create an account
2. Log into account
0. Exit
> 0

Bye!
?[1;31m
Start test 8?[0m
1. Create an account
2. Log into account
0. Exit
> 1

Your card has been created
Your card number:
4000002322274844
Your card PIN:
6848

1. Create an account
2. Log into account
0. Exit
> 2

Enter your card number:
> 400000585621930
Enter your PIN:
> 6848

Wrong card number or PIN!

1. Create an account
2. Log into account
0. Exit
> 0

Bye!
?[1;31m
Start test 9?[0m
1. Create an account
2. Log into account
0. Exit
> 1

Your card has been created
Your card number:
4000007682673535
Your card PIN:
5662

1. Create an account
2. Log into account
0. Exit
> 2

Enter your card number:
> 4000007682673535
Enter your PIN:
> 5662

You have successfully logged in!

1. Balance
2. Log out
0. Exit
> 1

Balance: 0

1. Balance
2. Log out
0. Exit
> 0

Bye!
]]></system-out>
  <system-err><![CDATA[]]></system-err>
</testsuite>
