<?xml version="1.0" encoding="UTF-8"?>
<testsuite name="SimpleBankSystemTest" tests="1" skipped="0" failures="0" errors="0" timestamp="2022-05-24T23:37:27" hostname="AHMED-HOSNY" time="0.599">
  <properties/>
  <testcase name="start" classname="SimpleBankSystemTest" time="0.599"/>
  <system-out><![CDATA[?[1;31m
Start test 1?[0m
1. Create an account
2. Log into account
0. Exit
> 0


Bye!
?[1;31m
Start test 2?[0m
1. Create an account
2. Log into account
0. Exit
> 0


Bye!
?[1;31m
Start test 3?[0m
1. Create an account
2. Log into account
0. Exit
> 0


Bye!
?[1;31m
Start test 4?[0m
1. Create an account
2. Log into account
0. Exit
> 0


Bye!
?[1;31m
Start test 5?[0m
1. Create an account
2. Log into account
0. Exit
> 1

Your card has been created
Your card number:
4000007011686463
Your card PIN:
3161

1. Create an account
2. Log into account
0. Exit
> 1

Your card has been created
Your card number:
4000007575584534
Your card PIN:
3740

1. Create an account
2. Log into account
0. Exit
> 1

Your card has been created
Your card number:
4000002554520468
Your card PIN:
4147

1. Create an account
2. Log into account
0. Exit
> 1

Your card has been created
Your card number:
4000006707621602
Your card PIN:
7656

1. Create an account
2. Log into account
0. Exit
> 1

Your card has been created
Your card number:
4000003405007176
Your card PIN:
7273

1. Create an account
2. Log into account
0. Exit
> 0


Bye!
4000007011686463
4000007575584534
4000002554520468
4000006707621602
4000003405007176
?[1;31m
Start test 6?[0m
1. Create an account
2. Log into account
0. Exit
> 1

Your card has been created
Your card number:
4000000301318889
Your card PIN:
4244

1. Create an account
2. Log into account
0. Exit
> 2

Enter your card number:
> 4000000301318889
Enter your PIN:
> 4244

You have successfully logged in!

1. Balance
2. Add income
3. Do transfer
4. Close account
5. Log out
0. Exit
> 0


Bye!
?[1;31m
Start test 7?[0m
1. Create an account
2. Log into account
0. Exit
> 1

Your card has been created
Your card number:
4000005610476872
Your card PIN:
1078

1. Create an account
2. Log into account
0. Exit
> 2

Enter your card number:
> 4000005610476872
Enter your PIN:
> 6782

Wrong card number or PIN!

1. Create an account
2. Log into account
0. Exit
> 0


Bye!
?[1;31m
Start test 8?[0m
1. Create an account
2. Log into account
0. Exit
> 1

Your card has been created
Your card number:
4000005578726128
Your card PIN:
7200

1. Create an account
2. Log into account
0. Exit
> 2

Enter your card number:
> 400000874095647
Enter your PIN:
> 7200

Wrong card number or PIN!

1. Create an account
2. Log into account
0. Exit
> 0


Bye!
?[1;31m
Start test 9?[0m
1. Create an account
2. Log into account
0. Exit
> 1

Your card has been created
Your card number:
4000001563256833
Your card PIN:
2756

1. Create an account
2. Log into account
0. Exit
> 2

Enter your card number:
> 4000001563256833
Enter your PIN:
> 2756

You have successfully logged in!

1. Balance
2. Add income
3. Do transfer
4. Close account
5. Log out
0. Exit
> 1

Balance: 0

1. Balance
2. Add income
3. Do transfer
4. Close account
5. Log out
0. Exit
> 0


Bye!
?[1;31m
Start test 10?[0m
1. Create an account
2. Log into account
0. Exit
> 1

Your card has been created
Your card number:
4000005840611801
Your card PIN:
1602

1. Create an account
2. Log into account
0. Exit
> 2

Enter your card number:
> 4000005840611801
Enter your PIN:
> 1602

You have successfully logged in!

1. Balance
2. Add income
3. Do transfer
4. Close account
5. Log out
0. Exit
> 2

Enter income:
> 10000
Income was added!

1. Balance
2. Add income
3. Do transfer
4. Close account
5. Log out
0. Exit
> 0


Bye!
1. Create an account
2. Log into account
0. Exit
> 2

Enter your card number:
> 4000005840611801
Enter your PIN:
> 1602

You have successfully logged in!

1. Balance
2. Add income
3. Do transfer
4. Close account
5. Log out
0. Exit
> 2

Enter income:
> 15000
Income was added!

1. Balance
2. Add income
3. Do transfer
4. Close account
5. Log out
0. Exit
> 0


Bye!
?[1;31m
Start test 11?[0m
1. Create an account
2. Log into account
0. Exit
> 1

Your card has been created
Your card number:
4000007884761708
Your card PIN:
5582

1. Create an account
2. Log into account
0. Exit
> 1

Your card has been created
Your card number:
4000006080807703
Your card PIN:
5308

1. Create an account
2. Log into account
0. Exit
> 2

Enter your card number:
> 4000006080807703
Enter your PIN:
> 5308

You have successfully logged in!

1. Balance
2. Add income
3. Do transfer
4. Close account
5. Log out
0. Exit
> 3

Transfer
Enter card number:
> 2000007269641764
Probably you made a mistake in the card number. Please try again!


1. Balance
2. Add income
3. Do transfer
4. Close account
5. Log out
0. Exit
> 3

Transfer
Enter card number:
> 2000007269641768
Such a card does not exist.

1. Balance
2. Add income
3. Do transfer
4. Close account
5. Log out
0. Exit
> 3

Transfer
Enter card number:
> 4000007884761708
Enter how much money you want to transfer:
> 100000
Not enough money!

1. Balance
2. Add income
3. Do transfer
4. Close account
5. Log out
0. Exit
> 2

Enter income:
> 20000
Income was added!

1. Balance
2. Add income
3. Do transfer
4. Close account
5. Log out
0. Exit
> 3

Transfer
Enter card number:
> 4000007884761708
Enter how much money you want to transfer:
> 10000
Success!

1. Balance
2. Add income
3. Do transfer
4. Close account
5. Log out
0. Exit
> 0


Bye!
?[1;31m
Start test 12?[0m
1. Create an account
2. Log into account
0. Exit
> 1

Your card has been created
Your card number:
4000001742530207
Your card PIN:
6767

1. Create an account
2. Log into account
0. Exit
> 2

Enter your card number:
> 4000001742530207
Enter your PIN:
> 6767

You have successfully logged in!

1. Balance
2. Add income
3. Do transfer
4. Close account
5. Log out
0. Exit
> 4

The account has been closed!

1. Create an account
2. Log into account
0. Exit
> 0


Bye!
]]></system-out>
  <system-err><![CDATA[]]></system-err>
</testsuite>
